[1710015553638] INFO (TwitchJS/Chat/10446 on codetwch01a): connecting ...
[1710015554203] INFO (TwitchJS/Chat/10446 on codetwch01a): CAP
    _raw: ":tmi.twitch.tv CAP * ACK :twitch.tv/tags twitch.tv/commands twitch.tv/membership"
    command: "CAP"
    event: "CAP"
    channel: ""
    username: "tmi.twitch.tv"
    isSelf: false
    tags: {}
    message: "ACK"
[1710015554233] INFO (TwitchJS/Chat/10446 on codetwch01a): 001/#d4rkeagle6591
    _raw: ":tmi.twitch.tv 001 d4rkeagle6591 :Welcome, GLHF!"
    command: "001"
    event: "001"
    channel: "d4rkeagle6591"
    username: "tmi.twitch.tv"
    isSelf: false
    tags: {}
    message: "Welcome, GLHF!"
[1710015554233] INFO (TwitchJS/Chat/10446 on codetwch01a): 002/#d4rkeagle6591
    _raw: ":tmi.twitch.tv 002 d4rkeagle6591 :Your host is tmi.twitch.tv"
    command: "002"
    event: "002"
    channel: "d4rkeagle6591"
    username: "tmi.twitch.tv"
    isSelf: false
    tags: {}
    message: "Your host is tmi.twitch.tv"
[1710015554234] INFO (TwitchJS/Chat/10446 on codetwch01a): 003/#d4rkeagle6591
    _raw: ":tmi.twitch.tv 003 d4rkeagle6591 :This server is rather new"
    command: "003"
    event: "003"
    channel: "d4rkeagle6591"
    username: "tmi.twitch.tv"
    isSelf: false
    tags: {}
    message: "This server is rather new"
[1710015554234] INFO (TwitchJS/Chat/10446 on codetwch01a): 004/#d4rkeagle6591
    _raw: ":tmi.twitch.tv 004 d4rkeagle6591 :-"
    command: "004"
    event: "004"
    channel: "d4rkeagle6591"
    username: "tmi.twitch.tv"
    isSelf: false
    tags: {}
    message: "-"
[1710015554234] INFO (TwitchJS/Chat/10446 on codetwch01a): 375/#d4rkeagle6591
    _raw: ":tmi.twitch.tv 375 d4rkeagle6591 :-"
    command: "375"
    event: "375"
    channel: "d4rkeagle6591"
    username: "tmi.twitch.tv"
    isSelf: false
    tags: {}
    message: "-"
[1710015554235] INFO (TwitchJS/Chat/10446 on codetwch01a): 372/#d4rkeagle6591
    _raw: ":tmi.twitch.tv 372 d4rkeagle6591 :You are in a maze of twisty passages, all alike."
    command: "372"
    event: "372"
    channel: "d4rkeagle6591"
    username: "tmi.twitch.tv"
    isSelf: false
    tags: {}
    message: "You are in a maze of twisty passages, all alike."
[1710015554235] INFO (TwitchJS/Chat/10446 on codetwch01a): 376/#d4rkeagle6591
    _raw: ":tmi.twitch.tv 376 d4rkeagle6591 :>"
    command: "376"
    event: "376"
    channel: "d4rkeagle6591"
    username: "tmi.twitch.tv"
    isSelf: false
    tags: {}
    message: ">"
[1710015554235] INFO (TwitchJS/Chat/10446 on codetwch01a): GLOBALUSERSTATE
    _raw: "@badge-info=;badges=twitch-recap-2023/1;color=#008000;display-name=d4rkeagle6591;emote-sets=0,13087,19194,295747,306109,306110,306111,1666352,1666353,1666354,300374282,302550098,303174878,304168640,304245086,314573705,339199074,346447748,369251832,373157210,396083766,409315227,413248479,446559073,453201874,454312861,470521083,472873131,477339272,479908434,773831115,902714662,933063328,954778768,958542098,1420751170,1663955515,1689936527,1715437540,1760839694,1808613619,1ad1ae3c-1eed-49d2-964f-a5e02fa2e781,21f61d99-1ec7-4fdd-be55-a21920480f6a,411859d2-6c6b-4c9e-b1ba-e79c78602e15,42a635ae-a27c-47a7-ab80-fa6db0a89422,48d90482-4d6e-4e28-bafb-a8de4e835f34,6bdc4791-bd32-4e68-8c2f-fef18eb71f4b,88f2fce9-c6f4-4d27-983b-b1a1a59bebae,9defa26b-b9d9-4fec-ba2b-bc8daac7d311,aef2786d-76f7-48bd-ac29-8c6910c93e6e,c8e8ee6f-bcb4-453e-8c0c-f05e097bfb36;user-id=156776427;user-type= :tmi.twitch.tv GLOBALUSERSTATE"
    command: "GLOBALUSERSTATE"
    event: "GLOBALUSERSTATE"
    username: "d4rkeagle6591"
    isSelf: true
    tags: {
      "badgeInfo": "",
      "badges": "twitch-recap-2023/1",
      "color": "#008000",
      "displayName": "d4rkeagle6591",
      "emoteSets": "0,13087,19194,295747,306109,306110,306111,1666352,1666353,1666354,300374282,302550098,303174878,304168640,304245086,314573705,339199074,346447748,369251832,373157210,396083766,409315227,413248479,446559073,453201874,454312861,470521083,472873131,477339272,479908434,773831115,902714662,933063328,954778768,958542098,1420751170,1663955515,1689936527,1715437540,1760839694,1808613619,1ad1ae3c-1eed-49d2-964f-a5e02fa2e781,21f61d99-1ec7-4fdd-be55-a21920480f6a,411859d2-6c6b-4c9e-b1ba-e79c78602e15,42a635ae-a27c-47a7-ab80-fa6db0a89422,48d90482-4d6e-4e28-bafb-a8de4e835f34,6bdc4791-bd32-4e68-8c2f-fef18eb71f4b,88f2fce9-c6f4-4d27-983b-b1a1a59bebae,9defa26b-b9d9-4fec-ba2b-bc8daac7d311,aef2786d-76f7-48bd-ac29-8c6910c93e6e,c8e8ee6f-bcb4-453e-8c0c-f05e097bfb36",
      "userId": "156776427",
      "userType": ""
    }
[1710015554235] INFO (TwitchJS/Chat/10446 on codetwch01a): CONNECTED
    _raw: "@badge-info=;badges=twitch-recap-2023/1;color=#008000;display-name=d4rkeagle6591;emote-sets=0,13087,19194,295747,306109,306110,306111,1666352,1666353,1666354,300374282,302550098,303174878,304168640,304245086,314573705,339199074,346447748,369251832,373157210,396083766,409315227,413248479,446559073,453201874,454312861,470521083,472873131,477339272,479908434,773831115,902714662,933063328,954778768,958542098,1420751170,1663955515,1689936527,1715437540,1760839694,1808613619,1ad1ae3c-1eed-49d2-964f-a5e02fa2e781,21f61d99-1ec7-4fdd-be55-a21920480f6a,411859d2-6c6b-4c9e-b1ba-e79c78602e15,42a635ae-a27c-47a7-ab80-fa6db0a89422,48d90482-4d6e-4e28-bafb-a8de4e835f34,6bdc4791-bd32-4e68-8c2f-fef18eb71f4b,88f2fce9-c6f4-4d27-983b-b1a1a59bebae,9defa26b-b9d9-4fec-ba2b-bc8daac7d311,aef2786d-76f7-48bd-ac29-8c6910c93e6e,c8e8ee6f-bcb4-453e-8c0c-f05e097bfb36;user-id=156776427;user-type= :tmi.twitch.tv GLOBALUSERSTATE"
    command: "GLOBALUSERSTATE"
    event: "CONNECTED"
    username: "d4rkeagle6591"
    isSelf: true
    tags: {
      "badgeInfo": "",
      "badges": "twitch-recap-2023/1",
      "color": "#008000",
      "displayName": "d4rkeagle6591",
      "emoteSets": "0,13087,19194,295747,306109,306110,306111,1666352,1666353,1666354,300374282,302550098,303174878,304168640,304245086,314573705,339199074,346447748,369251832,373157210,396083766,409315227,413248479,446559073,453201874,454312861,470521083,472873131,477339272,479908434,773831115,902714662,933063328,954778768,958542098,1420751170,1663955515,1689936527,1715437540,1760839694,1808613619,1ad1ae3c-1eed-49d2-964f-a5e02fa2e781,21f61d99-1ec7-4fdd-be55-a21920480f6a,411859d2-6c6b-4c9e-b1ba-e79c78602e15,42a635ae-a27c-47a7-ab80-fa6db0a89422,48d90482-4d6e-4e28-bafb-a8de4e835f34,6bdc4791-bd32-4e68-8c2f-fef18eb71f4b,88f2fce9-c6f4-4d27-983b-b1a1a59bebae,9defa26b-b9d9-4fec-ba2b-bc8daac7d311,aef2786d-76f7-48bd-ac29-8c6910c93e6e,c8e8ee6f-bcb4-453e-8c0c-f05e097bfb36",
      "userId": "156776427",
      "userType": ""
    }
[1710015554238] INFO (TwitchJS/Chat/10446 on codetwch01a): connected (601ms)
[1710015554239] INFO (TwitchJS/Chat/10446 on codetwch01a): joining #d4rkeagle6591
[1710015554347] INFO (TwitchJS/Chat/10446 on codetwch01a): JOIN/#d4rkeagle6591
    _raw: ":d4rkeagle6591!d4rkeagle6591@d4rkeagle6591.tmi.twitch.tv JOIN #d4rkeagle6591"
    command: "JOIN"
    event: "JOIN"
    channel: "#d4rkeagle6591"
    username: "d4rkeagle6591"
    isSelf: true
    tags: {}
[1710015554348] INFO (TwitchJS/Chat/10446 on codetwch01a): 353/#d4rkeagle6591
    _raw: ":d4rkeagle6591.tmi.twitch.tv 353 d4rkeagle6591 = #d4rkeagle6591 :d4rkeagle6591"
    command: "353"
    event: "353"
    channel: "#d4rkeagle6591"
    username: "d4rkeagle6591"
    isSelf: true
    tags: {}
    message: "="
    usernames: [
      "d4rkeagle6591"
    ]
[1710015554348] INFO (TwitchJS/Chat/10446 on codetwch01a): 366/#d4rkeagle6591
    _raw: ":d4rkeagle6591.tmi.twitch.tv 366 d4rkeagle6591 #d4rkeagle6591 :End of /NAMES list"
    command: "366"
    event: "366"
    channel: "#d4rkeagle6591"
    username: "d4rkeagle6591"
    isSelf: true
    tags: {}
    message: "#d4rkeagle6591"
[1710015554350] INFO (TwitchJS/Chat/10446 on codetwch01a): USERSTATE/#d4rkeagle6591
    _raw: "@badge-info=;badges=broadcaster/1,twitch-recap-2023/1;color=#008000;display-name=d4rkeagle6591;emote-sets=0,13087,19194,295747,306109,306110,306111,1666352,1666353,1666354,300374282,302550098,303174878,304168640,304245086,314573705,339199074,346447748,369251832,373157210,396083766,409315227,413248479,446559073,453201874,454312861,470521083,472873131,477339272,479908434,773831115,902714662,933063328,954778768,958542098,1420751170,1663955515,1689936527,1715437540,1760839694,1808613619,1ad1ae3c-1eed-49d2-964f-a5e02fa2e781,21f61d99-1ec7-4fdd-be55-a21920480f6a,411859d2-6c6b-4c9e-b1ba-e79c78602e15,42a635ae-a27c-47a7-ab80-fa6db0a89422,48d90482-4d6e-4e28-bafb-a8de4e835f34,6bdc4791-bd32-4e68-8c2f-fef18eb71f4b,88f2fce9-c6f4-4d27-983b-b1a1a59bebae,9defa26b-b9d9-4fec-ba2b-bc8daac7d311,aef2786d-76f7-48bd-ac29-8c6910c93e6e,c8e8ee6f-bcb4-453e-8c0c-f05e097bfb36;mod=0;subscriber=0;user-type= :tmi.twitch.tv USERSTATE #d4rkeagle6591"
    command: "USERSTATE"
    event: "USERSTATE"
    channel: "#d4rkeagle6591"
    username: "d4rkeagle6591"
    isSelf: true
    tags: {
      "badgeInfo": "",
      "badges": {
        "broadcaster": true,
        "twitchRecap2023": "1"
      },
      "color": "#008000",
      "displayName": "d4rkeagle6591",
      "emoteSets": [
        "0",
        "13087",
        "19194",
        "295747",
        "306109",
        "306110",
        "306111",
        "1666352",
        "1666353",
        "1666354",
        "300374282",
        "302550098",
        "303174878",
        "304168640",
        "304245086",
        "314573705",
        "339199074",
        "346447748",
        "369251832",
        "373157210",
        "396083766",
        "409315227",
        "413248479",
        "446559073",
        "453201874",
        "454312861",
        "470521083",
        "472873131",
        "477339272",
        "479908434",
        "773831115",
        "902714662",
        "933063328",
        "954778768",
        "958542098",
        "1420751170",
        "1663955515",
        "1689936527",
        "1715437540",
        "1760839694",
        "1808613619",
        "1ad1ae3c-1eed-49d2-964f-a5e02fa2e781",
        "21f61d99-1ec7-4fdd-be55-a21920480f6a",
        "411859d2-6c6b-4c9e-b1ba-e79c78602e15",
        "42a635ae-a27c-47a7-ab80-fa6db0a89422",
        "48d90482-4d6e-4e28-bafb-a8de4e835f34",
        "6bdc4791-bd32-4e68-8c2f-fef18eb71f4b",
        "88f2fce9-c6f4-4d27-983b-b1a1a59bebae",
        "9defa26b-b9d9-4fec-ba2b-bc8daac7d311",
        "aef2786d-76f7-48bd-ac29-8c6910c93e6e",
        "c8e8ee6f-bcb4-453e-8c0c-f05e097bfb36"
      ],
      "mod": "0",
      "subscriber": "0",
      "userType": "",
      "emotes": [],
      "username": "d4rkeagle6591",
      "isModerator": false
    }
[1710015554351] INFO (TwitchJS/Chat/10446 on codetwch01a): ROOMSTATE/#d4rkeagle6591
    _raw: "@emote-only=0;followers-only=-1;r9k=0;room-id=156776427;slow=0;subs-only=0 :tmi.twitch.tv ROOMSTATE #d4rkeagle6591"
    command: "ROOMSTATE"
    event: "ROOMSTATE"
    channel: "#d4rkeagle6591"
    username: "tmi.twitch.tv"
    isSelf: false
    tags: {
      "emoteOnly": false,
      "followersOnly": false,
      "r9K": "0",
      "roomId": "156776427",
      "slow": 0,
      "subsOnly": false
    }
[1710015554351] INFO (TwitchJS/Chat/10446 on codetwch01a): Joined #d4rkeagle6591 (112ms)
[1710015559116] INFO (TwitchJS/Chat/10446 on codetwch01a): PRIVMSG/PRIVMSG/#d4rkeagle6591
    _raw: "@badge-info=;badges=broadcaster/1,twitch-recap-2023/1;client-nonce=89be32a6208ec90e058a71fe849bbbb7;color=#008000;display-name=d4rkeagle6591;emotes=;first-msg=0;flags=;id=a61e670d-7eec-4779-a688-4170c195d66d;mod=0;returning-chatter=0;room-id=156776427;subscriber=0;tmi-sent-ts=1710015559012;turbo=0;user-id=156776427;user-type= :d4rkeagle6591!d4rkeagle6591@d4rkeagle6591.tmi.twitch.tv PRIVMSG #d4rkeagle6591 :Test2"
    command: "PRIVMSG"
    event: "PRIVMSG"
    channel: "#d4rkeagle6591"
    username: "d4rkeagle6591"
    isSelf: true
    message: "Test2"
    tags: {
      "badgeInfo": "",
      "badges": {
        "broadcaster": true,
        "twitchRecap2023": "1"
      },
      "clientNonce": "89be32a6208ec90e058a71fe849bbbb7",
      "color": "#008000",
      "displayName": "d4rkeagle6591",
      "emotes": [],
      "firstMsg": "0",
      "flags": "",
      "id": "a61e670d-7eec-4779-a688-4170c195d66d",
      "mod": "0",
      "returningChatter": "0",
      "roomId": "156776427",
      "subscriber": "0",
      "tmiSentTs": "1710015559012",
      "turbo": "0",
      "userId": "156776427",
      "userType": "",
      "emoteSets": [],
      "username": "d4rkeagle6591",
      "isModerator": false
    }
[1710015580548] INFO (TwitchJS/Chat/10446 on codetwch01a): JOIN/#d4rkeagle6591
    _raw: ":streamelements!streamelements@streamelements.tmi.twitch.tv JOIN #d4rkeagle6591"
    command: "JOIN"
    event: "JOIN"
    channel: "#d4rkeagle6591"
    username: "streamelements"
    isSelf: false
    tags: {}
